#
# There is insufficient memory for the Java Runtime Environment to continue.
# Native memory allocation (mmap) failed to map 32505856 bytes for committing reserved memory.
# Possible reasons:
#   The system is out of physical RAM or swap space
#   In 32 bit mode, the process size limit was hit
# Possible solutions:
#   Reduce memory load on the system
#   Increase physical memory or swap space
#   Check if swap backing store is full
#   Use 64 bit Java on a 64 bit OS
#   Decrease Java heap size (-Xmx/-Xms)
#   Decrease number of Java threads
#   Decrease Java thread stack sizes (-Xss)
#   Set larger code cache with -XX:ReservedCodeCacheSize=
# This output file may be truncated or incomplete.
#
#  Out of Memory Error (os_linux.cpp:2640), pid=8701, tid=0x00007f105e292700
#
# JRE version: OpenJDK Runtime Environment (8.0_172-b11) (build 1.8.0_172-b11)
# Java VM: OpenJDK 64-Bit Server VM (25.172-b11 mixed mode linux-amd64 compressed oops)
# Core dump written. Default location: /home/nick/Repository/393-Budget-App/Budget_App/core or core.8701
#

---------------  T H R E A D  ---------------

Current thread (0x00007f1078078800):  VMThread [stack: 0x00007f105e193000,0x00007f105e293000] [id=8712]

Stack: [0x00007f105e193000,0x00007f105e293000],  sp=0x00007f105e291480,  free space=1017k
Native frames: (J=compiled Java code, j=interpreted, Vv=VM code, C=native code)
V  [libjvm.so+0xaabd72]
V  [libjvm.so+0x4da747]
V  [libjvm.so+0x8e77a0]
V  [libjvm.so+0x8e1d4e]
V  [libjvm.so+0x962366]
V  [libjvm.so+0x9636d8]
V  [libjvm.so+0x95fcd6]
V  [libjvm.so+0x96006c]
V  [libjvm.so+0x90e958]
V  [libjvm.so+0xaada22]
V  [libjvm.so+0xab2ba6]
V  [libjvm.so+0xab02f1]
V  [libjvm.so+0xab1793]
V  [libjvm.so+0xab1b77]
V  [libjvm.so+0x8e4c12]

VM_Operation (0x00007f105d8f0090): ParallelGCFailedAllocation, mode: safepoint, requested by thread 0x00007f10781e7000


---------------  P R O C E S S  ---------------

Java Threads: ( => current thread )
  0x00007f1010155800 JavaThread "Prism Font Disposer" daemon [_thread_blocked, id=8725, stack(0x00007f1034e62000,0x00007f1034f63000)]
  0x00007f10782d6000 JavaThread "JavaFX-Launcher" [_thread_blocked, id=8724, stack(0x00007f10356a6000,0x00007f10357a7000)]
  0x00007f10782d2800 JavaThread "JavaFX Application Thread" [_thread_blocked, id=8723, stack(0x00007f103c065000,0x00007f103c166000)]
  0x00007f10782cf800 JavaThread "Thread-1" daemon [_thread_blocked, id=8722, stack(0x00007f105c02f000,0x00007f105c130000)]
  0x00007f10781e7000 JavaThread "QuantumRenderer-0" daemon [_thread_blocked, id=8721, stack(0x00007f105d7f3000,0x00007f105d8f4000)]
  0x00007f10780c0000 JavaThread "Service Thread" daemon [_thread_blocked, id=8719, stack(0x00007f105da8b000,0x00007f105db8c000)]
  0x00007f10780bd000 JavaThread "C1 CompilerThread2" daemon [_thread_blocked, id=8718, stack(0x00007f105db8d000,0x00007f105dc8d000)]
  0x00007f10780bb000 JavaThread "C2 CompilerThread1" daemon [_thread_blocked, id=8717, stack(0x00007f105dc8e000,0x00007f105dd8e000)]
  0x00007f10780b8800 JavaThread "C2 CompilerThread0" daemon [_thread_blocked, id=8716, stack(0x00007f105dd8f000,0x00007f105de8f000)]
  0x00007f10780b6800 JavaThread "Signal Dispatcher" daemon [_thread_blocked, id=8715, stack(0x00007f105de8f000,0x00007f105df90000)]
  0x00007f1078084800 JavaThread "Finalizer" daemon [_thread_blocked, id=8714, stack(0x00007f105df90000,0x00007f105e091000)]
  0x00007f1078080000 JavaThread "Reference Handler" daemon [_thread_blocked, id=8713, stack(0x00007f105e091000,0x00007f105e192000)]
  0x00007f107800b000 JavaThread "main" [_thread_blocked, id=8707, stack(0x00007f107e6ba000,0x00007f107e7ba000)]

Other Threads:
=>0x00007f1078078800 VMThread [stack: 0x00007f105e193000,0x00007f105e293000] [id=8712]
  0x00007f10780c2800 WatcherThread [stack: 0x00007f105d98b000,0x00007f105da8b000] [id=8720]

VM state:at safepoint (normal execution)

VM Mutex/Monitor currently owned by a thread:  ([mutex/lock_event])
[0x00007f10780085b0] Threads_lock - owner thread: 0x00007f1078078800
[0x00007f1078008ab0] Heap_lock - owner thread: 0x00007f10781e7000

Heap:
 PSYoungGen      total 36864K, used 5109K [0x00000000d7100000, 0x00000000d9a00000, 0x0000000100000000)
  eden space 31744K, 0% used [0x00000000d7100000,0x00000000d7100000,0x00000000d9000000)
  from space 5120K, 99% used [0x00000000d9500000,0x00000000d99fd630,0x00000000d9a00000)
  to   space 5120K, 0% used [0x00000000d9000000,0x00000000d9000000,0x00000000d9500000)
 ParOldGen       total 84992K, used 2840K [0x0000000085200000, 0x000000008a500000, 0x00000000d7100000)
  object space 84992K, 3% used [0x0000000085200000,0x00000000854c6128,0x000000008a500000)
 Metaspace       used 13810K, capacity 14392K, committed 14720K, reserved 1062912K
  class space    used 1920K, capacity 2088K, committed 2176K, reserved 1048576K

Card table byte_map: [0x00007f106844d000,0x00007f1068825000] byte_map_base: 0x00007f1068024000

Marking Bits: (ParMarkBitMap*) 0x00007f107d9b1140
 Begin Bits: [0x00007f1064049000, 0x00007f1065f01000)
 End Bits:   [0x00007f1065f01000, 0x00007f1067db9000)

Polling page: 0x00007f107e7f4000

CodeCache: size=245760Kb used=3402Kb max_used=3402Kb free=242357Kb
 bounds [0x00007f1068be5000, 0x00007f1068f45000, 0x00007f1077be5000]
 total_blobs=1492 nmethods=915 adapters=491
